README.md
community_matrix
csvtool_pandas.py
extra
jobs
output
outs
run_fastspar.sh
submit.bash
Converting annotation file to fastspar input format

Traceback (most recent call last):
  File "csvtool_pandas.py", line 7, in <module>
    x = pd.read_csv(f, index_col=0)
  File "/home/leonardo/.local/lib/python3.6/site-packages/pandas/io/parsers.py", line 688, in read_csv
    return _read(filepath_or_buffer, kwds)
  File "/home/leonardo/.local/lib/python3.6/site-packages/pandas/io/parsers.py", line 454, in _read
    parser = TextFileReader(fp_or_buf, **kwds)
  File "/home/leonardo/.local/lib/python3.6/site-packages/pandas/io/parsers.py", line 948, in __init__
    self._make_engine(self.engine)
  File "/home/leonardo/.local/lib/python3.6/site-packages/pandas/io/parsers.py", line 1180, in _make_engine
    self._engine = CParserWrapper(self.f, **self.options)
  File "/home/leonardo/.local/lib/python3.6/site-packages/pandas/io/parsers.py", line 2010, in __init__
    self._reader = parsers.TextReader(src, **kwds)
  File "pandas/_libs/parsers.pyx", line 382, in pandas._libs.parsers.TextReader.__cinit__
  File "pandas/_libs/parsers.pyx", line 674, in pandas._libs.parsers.TextReader._setup_parser_source
FileNotFoundError: [Errno 2] No such file or directory: 'community_matrix/-Sr'
Program: FastSpar (c++ implementation of SparCC)
Version 1.0.0
Contact: Stephen Watts (s.watts2@student.unimelb.edu.au)

Usage:
  fastspar [options] --otu_table <path> --correlation <path> --covariance <path>

  -c <path>, --otu_table <path>
                OTU input OTU count table
  -r <path>, -correlation <path>
                Correlation output table
  -a <path>, --covariance <path>
                Covariance output table

Options:
  -i <int>, --iterations <int>
                Number of interations to perform (default: 50)
  -x <int>, --exclusion_iterations <int>
                Number of exclusion interations to perform (default: 10)
  -e <float>, --threshold <float>
                Correlation strength exclusion threshold (default: 0.1)
  -t <int>, --threads <int>
                Number of threads (default: 1)
  -s <int>, --seed <int>
                Random number generator seed (default: 1)
  -y, --yes
                Assume yes for prompts (default: unset)

Other:
  -h        --help
                Display this help and exit
  -v        --version
                Display version information and exit

fastspar: error: OTU table output/transposed/-Sr/sparcc/sparcc_data/anot.tsv does not exist
