README.md
community_matrix
csvtool_pandas.py
jobs
output
outs
run_fastspar.sh
submit.bash
Converting annotation file to fastspar input format

Running SparCC iterations
	Running iteration: 1
	Running iteration: 2
	Running iteration: 3
	Running iteration: 4
	Running iteration: 5
	Running iteration: 6
	Running iteration: 7
	Running iteration: 8
	Running iteration: 9
	Running iteration: 10
	Running iteration: 11
	Running iteration: 12
	Running iteration: 13
	Running iteration: 14
	Running iteration: 15
	Running iteration: 16
	Running iteration: 17
	Running iteration: 18
	Running iteration: 19
	Running iteration: 20
	Running iteration: 21
	Running iteration: 22
	Running iteration: 23
	Running iteration: 24
	Running iteration: 25
	Running iteration: 26
	Running iteration: 27
	Running iteration: 28
	Running iteration: 29
	Running iteration: 30
	Running iteration: 31
	Running iteration: 32
	Running iteration: 33
	Running iteration: 34
	Running iteration: 35
	Running iteration: 36
	Running iteration: 37
	Running iteration: 38
	Running iteration: 39
	Running iteration: 40
	Running iteration: 41
	Running iteration: 42
	Running iteration: 43
	Running iteration: 44
	Running iteration: 45
	Running iteration: 46
	Running iteration: 47
	Running iteration: 48
	Running iteration: 49
	Running iteration: 50
	Running iteration: 51
	Running iteration: 52
	Running iteration: 53
	Running iteration: 54
	Running iteration: 55
	Running iteration: 56
	Running iteration: 57
	Running iteration: 58
	Running iteration: 59
	Running iteration: 60
	Running iteration: 61
	Running iteration: 62
	Running iteration: 63
	Running iteration: 64
	Running iteration: 65
	Running iteration: 66
	Running iteration: 67
	Running iteration: 68
	Running iteration: 69
	Running iteration: 70
	Running iteration: 71
	Running iteration: 72
	Running iteration: 73
	Running iteration: 74
	Running iteration: 75
	Running iteration: 76
	Running iteration: 77
	Running iteration: 78
	Running iteration: 79
	Running iteration: 80
	Running iteration: 81
	Running iteration: 82
	Running iteration: 83
	Running iteration: 84
	Running iteration: 85
	Running iteration: 86
	Running iteration: 87
	Running iteration: 88
	Running iteration: 89
	Running iteration: 90
	Running iteration: 91
	Running iteration: 92
	Running iteration: 93
	Running iteration: 94
	Running iteration: 95
	Running iteration: 96
	Running iteration: 97
	Running iteration: 98
	Running iteration: 99
	Running iteration: 100
	Running iteration: 101
	Running iteration: 102
	Running iteration: 103
	Running iteration: 104
	Running iteration: 105
	Running iteration: 106
	Running iteration: 107
	Running iteration: 108
	Running iteration: 109
	Running iteration: 110
	Running iteration: 111
	Running iteration: 112
	Running iteration: 113
	Running iteration: 114
	Running iteration: 115
	Running iteration: 116
	Running iteration: 117
	Running iteration: 118
	Running iteration: 119
	Running iteration: 120
	Running iteration: 121
	Running iteration: 122
	Running iteration: 123
	Running iteration: 124
	Running iteration: 125
	Running iteration: 126
	Running iteration: 127
	Running iteration: 128
	Running iteration: 129
	Running iteration: 130
	Running iteration: 131
	Running iteration: 132
	Running iteration: 133
	Running iteration: 134
	Running iteration: 135
	Running iteration: 136
	Running iteration: 137
	Running iteration: 138
	Running iteration: 139
	Running iteration: 140
	Running iteration: 141
	Running iteration: 142
	Running iteration: 143
	Running iteration: 144
	Running iteration: 145
	Running iteration: 146
	Running iteration: 147
	Running iteration: 148
	Running iteration: 149
	Running iteration: 150
	Running iteration: 151
	Running iteration: 152
	Running iteration: 153
	Running iteration: 154
	Running iteration: 155
	Running iteration: 156
	Running iteration: 157
	Running iteration: 158
	Running iteration: 159
	Running iteration: 160
	Running iteration: 161
	Running iteration: 162
	Running iteration: 163
	Running iteration: 164
	Running iteration: 165
	Running iteration: 166
	Running iteration: 167
	Running iteration: 168
	Running iteration: 169
	Running iteration: 170
	Running iteration: 171
	Running iteration: 172
	Running iteration: 173
	Running iteration: 174
	Running iteration: 175
	Running iteration: 176
	Running iteration: 177
	Running iteration: 178
	Running iteration: 179
	Running iteration: 180
	Running iteration: 181
	Running iteration: 182
	Running iteration: 183
	Running iteration: 184
	Running iteration: 185
	Running iteration: 186
	Running iteration: 187
	Running iteration: 188
	Running iteration: 189
	Running iteration: 190
	Running iteration: 191
	Running iteration: 192
	Running iteration: 193
	Running iteration: 194
	Running iteration: 195
	Running iteration: 196
	Running iteration: 197
	Running iteration: 198
	Running iteration: 199
	Running iteration: 200
	Running iteration: 201
	Running iteration: 202
	Running iteration: 203
	Running iteration: 204
	Running iteration: 205
	Running iteration: 206
	Running iteration: 207
	Running iteration: 208
	Running iteration: 209
	Running iteration: 210
	Running iteration: 211
	Running iteration: 212
	Running iteration: 213
	Running iteration: 214
	Running iteration: 215
	Running iteration: 216
	Running iteration: 217
	Running iteration: 218
	Running iteration: 219
	Running iteration: 220
	Running iteration: 221
	Running iteration: 222
	Running iteration: 223
	Running iteration: 224
	Running iteration: 225
	Running iteration: 226
	Running iteration: 227
	Running iteration: 228
	Running iteration: 229
	Running iteration: 230
	Running iteration: 231
	Running iteration: 232
	Running iteration: 233
	Running iteration: 234
	Running iteration: 235
	Running iteration: 236
	Running iteration: 237
	Running iteration: 238
	Running iteration: 239
	Running iteration: 240
	Running iteration: 241
	Running iteration: 242
	Running iteration: 243
	Running iteration: 244
	Running iteration: 245
	Running iteration: 246
	Running iteration: 247
	Running iteration: 248
	Running iteration: 249
	Running iteration: 250
	Running iteration: 251
	Running iteration: 252
	Running iteration: 253
	Running iteration: 254
	Running iteration: 255
	Running iteration: 256
	Running iteration: 257
	Running iteration: 258
	Running iteration: 259
	Running iteration: 260
	Running iteration: 261
	Running iteration: 262
	Running iteration: 263
	Running iteration: 264
	Running iteration: 265
	Running iteration: 266
	Running iteration: 267
	Running iteration: 268
	Running iteration: 269
	Running iteration: 270
	Running iteration: 271
	Running iteration: 272
	Running iteration: 273
	Running iteration: 274
	Running iteration: 275
	Running iteration: 276
	Running iteration: 277
	Running iteration: 278
	Running iteration: 279
	Running iteration: 280
	Running iteration: 281
	Running iteration: 282
	Running iteration: 283
	Running iteration: 284
	Running iteration: 285
	Running iteration: 286
	Running iteration: 287
	Running iteration: 288
	Running iteration: 289
	Running iteration: 290
	Running iteration: 291
	Running iteration: 292
	Running iteration: 293
	Running iteration: 294
	Running iteration: 295
	Running iteration: 296
	Running iteration: 297
	Running iteration: 298
	Running iteration: 299
	Running iteration: 300
	Running iteration: 301
	Running iteration: 302
	Running iteration: 303
	Running iteration: 304
	Running iteration: 305
	Running iteration: 306
	Running iteration: 307
	Running iteration: 308
	Running iteration: 309
	Running iteration: 310
	Running iteration: 311
	Running iteration: 312
	Running iteration: 313
	Running iteration: 314
	Running iteration: 315
	Running iteration: 316
	Running iteration: 317
	Running iteration: 318
	Running iteration: 319
	Running iteration: 320
	Running iteration: 321
	Running iteration: 322
	Running iteration: 323
	Running iteration: 324
	Running iteration: 325
	Running iteration: 326
	Running iteration: 327
	Running iteration: 328
	Running iteration: 329
	Running iteration: 330
	Running iteration: 331
	Running iteration: 332
	Running iteration: 333
	Running iteration: 334
	Running iteration: 335
	Running iteration: 336
	Running iteration: 337
	Running iteration: 338
	Running iteration: 339
	Running iteration: 340
	Running iteration: 341
	Running iteration: 342
	Running iteration: 343
	Running iteration: 344
	Running iteration: 345
	Running iteration: 346
	Running iteration: 347
	Running iteration: 348
	Running iteration: 349
	Running iteration: 350
	Running iteration: 351
	Running iteration: 352
	Running iteration: 353
	Running iteration: 354
	Running iteration: 355
	Running iteration: 356
	Running iteration: 357
	Running iteration: 358
	Running iteration: 359
	Running iteration: 360
	Running iteration: 361
	Running iteration: 362
	Running iteration: 363
	Running iteration: 364
	Running iteration: 365
	Running iteration: 366
	Running iteration: 367
	Running iteration: 368
	Running iteration: 369
	Running iteration: 370
	Running iteration: 371
	Running iteration: 372
	Running iteration: 373
	Running iteration: 374
	Running iteration: 375
	Running iteration: 376
	Running iteration: 377
	Running iteration: 378
	Running iteration: 379
	Running iteration: 380
	Running iteration: 381
	Running iteration: 382
	Running iteration: 383
	Running iteration: 384
	Running iteration: 385
	Running iteration: 386
	Running iteration: 387
	Running iteration: 388
	Running iteration: 389
	Running iteration: 390
	Running iteration: 391
	Running iteration: 392
	Running iteration: 393
	Running iteration: 394
	Running iteration: 395
	Running iteration: 396
	Running iteration: 397
	Running iteration: 398
	Running iteration: 399
	Running iteration: 400
	Running iteration: 401
	Running iteration: 402
	Running iteration: 403
	Running iteration: 404
	Running iteration: 405
	Running iteration: 406
	Running iteration: 407
	Running iteration: 408
	Running iteration: 409
	Running iteration: 410
	Running iteration: 411
	Running iteration: 412
	Running iteration: 413
	Running iteration: 414
	Running iteration: 415
	Running iteration: 416
	Running iteration: 417
	Running iteration: 418
	Running iteration: 419
	Running iteration: 420
	Running iteration: 421
	Running iteration: 422
	Running iteration: 423
	Running iteration: 424
	Running iteration: 425
	Running iteration: 426
	Running iteration: 427
	Running iteration: 428
	Running iteration: 429
	Running iteration: 430
	Running iteration: 431
	Running iteration: 432
	Running iteration: 433
	Running iteration: 434
	Running iteration: 435
	Running iteration: 436
	Running iteration: 437
	Running iteration: 438
	Running iteration: 439
	Running iteration: 440
	Running iteration: 441
	Running iteration: 442
	Running iteration: 443
	Running iteration: 444
	Running iteration: 445
	Running iteration: 446
	Running iteration: 447
	Running iteration: 448
	Running iteration: 449
	Running iteration: 450
	Running iteration: 451
	Running iteration: 452
	Running iteration: 453
	Running iteration: 454
	Running iteration: 455
	Running iteration: 456
	Running iteration: 457
	Running iteration: 458
	Running iteration: 459
	Running iteration: 460
	Running iteration: 461
	Running iteration: 462
	Running iteration: 463
	Running iteration: 464
	Running iteration: 465
	Running iteration: 466
	Running iteration: 467
	Running iteration: 468
	Running iteration: 469
	Running iteration: 470
	Running iteration: 471
	Running iteration: 472
	Running iteration: 473
	Running iteration: 474
	Running iteration: 475
	Running iteration: 476
	Running iteration: 477
	Running iteration: 478
	Running iteration: 479
	Running iteration: 480
	Running iteration: 481
	Running iteration: 482
	Running iteration: 483
	Running iteration: 484
	Running iteration: 485
	Running iteration: 486
	Running iteration: 487
	Running iteration: 488
	Running iteration: 489
	Running iteration: 490
	Running iteration: 491
	Running iteration: 492
	Running iteration: 493
	Running iteration: 494
	Running iteration: 495
	Running iteration: 496
	Running iteration: 497
	Running iteration: 498
	Running iteration: 499
	Running iteration: 500
	Running iteration: 501
	Running iteration: 502
	Running iteration: 503
	Running iteration: 504
	Running iteration: 505
	Running iteration: 506
	Running iteration: 507
	Running iteration: 508
	Running iteration: 509
	Running iteration: 510
	Running iteration: 511
	Running iteration: 512
	Running iteration: 513
	Running iteration: 514
	Running iteration: 515
	Running iteration: 516
	Running iteration: 517
	Running iteration: 518
	Running iteration: 519
	Running iteration: 520
	Running iteration: 521
	Running iteration: 522
	Running iteration: 523
	Running iteration: 524
	Running iteration: 525
	Running iteration: 526
	Running iteration: 527
	Running iteration: 528
	Running iteration: 529
	Running iteration: 530
	Running iteration: 531
	Running iteration: 532
	Running iteration: 533
	Running iteration: 534
	Running iteration: 535
	Running iteration: 536
	Running iteration: 537
	Running iteration: 538
	Running iteration: 539
	Running iteration: 540
	Running iteration: 541
	Running iteration: 542
	Running iteration: 543
	Running iteration: 544
	Running iteration: 545
	Running iteration: 546
	Running iteration: 547
	Running iteration: 548
	Running iteration: 549
	Running iteration: 550
	Running iteration: 551
	Running iteration: 552
	Running iteration: 553
	Running iteration: 554
	Running iteration: 555
	Running iteration: 556
	Running iteration: 557
	Running iteration: 558
	Running iteration: 559
	Running iteration: 560
	Running iteration: 561
	Running iteration: 562
	Running iteration: 563
	Running iteration: 564
	Running iteration: 565
	Running iteration: 566
	Running iteration: 567
	Running iteration: 568
	Running iteration: 569
	Running iteration: 570
	Running iteration: 571
	Running iteration: 572
	Running iteration: 573
	Running iteration: 574
	Running iteration: 575
	Running iteration: 576
	Running iteration: 577
	Running iteration: 578
	Running iteration: 579
	Running iteration: 580
	Running iteration: 581
	Running iteration: 582
	Running iteration: 583
	Running iteration: 584
	Running iteration: 585
	Running iteration: 586
	Running iteration: 587
	Running iteration: 588
	Running iteration: 589
	Running iteration: 590
	Running iteration: 591
	Running iteration: 592
	Running iteration: 593
	Running iteration: 594
	Running iteration: 595
	Running iteration: 596
	Running iteration: 597
	Running iteration: 598
	Running iteration: 599
	Running iteration: 600
	Running iteration: 601
	Running iteration: 602
	Running iteration: 603
	Running iteration: 604
	Running iteration: 605
	Running iteration: 606
	Running iteration: 607
	Running iteration: 608
	Running iteration: 609
	Running iteration: 610
	Running iteration: 611
	Running iteration: 612
	Running iteration: 613
	Running iteration: 614
	Running iteration: 615
	Running iteration: 616
	Running iteration: 617
	Running iteration: 618
	Running iteration: 619
	Running iteration: 620
	Running iteration: 621
	Running iteration: 622
	Running iteration: 623
	Running iteration: 624
	Running iteration: 625
	Running iteration: 626
	Running iteration: 627
	Running iteration: 628
	Running iteration: 629
	Running iteration: 630
	Running iteration: 631
	Running iteration: 632
	Running iteration: 633
	Running iteration: 634
	Running iteration: 635
	Running iteration: 636
	Running iteration: 637
	Running iteration: 638
	Running iteration: 639
	Running iteration: 640
	Running iteration: 641
	Running iteration: 642
	Running iteration: 643
	Running iteration: 644
	Running iteration: 645
	Running iteration: 646
	Running iteration: 647
	Running iteration: 648
	Running iteration: 649
	Running iteration: 650
	Running iteration: 651
	Running iteration: 652
	Running iteration: 653
	Running iteration: 654
	Running iteration: 655
	Running iteration: 656
	Running iteration: 657
	Running iteration: 658
	Running iteration: 659
	Running iteration: 660
	Running iteration: 661
	Running iteration: 662
	Running iteration: 663
	Running iteration: 664
	Running iteration: 665
	Running iteration: 666
	Running iteration: 667
	Running iteration: 668
	Running iteration: 669
	Running iteration: 670
	Running iteration: 671
	Running iteration: 672
	Running iteration: 673
	Running iteration: 674
	Running iteration: 675
	Running iteration: 676
	Running iteration: 677
	Running iteration: 678
	Running iteration: 679
	Running iteration: 680
	Running iteration: 681
	Running iteration: 682
	Running iteration: 683
	Running iteration: 684
	Running iteration: 685
	Running iteration: 686
	Running iteration: 687
	Running iteration: 688
	Running iteration: 689
	Running iteration: 690
	Running iteration: 691
	Running iteration: 692
	Running iteration: 693
	Running iteration: 694
	Running iteration: 695
	Running iteration: 696
	Running iteration: 697
	Running iteration: 698
	Running iteration: 699
	Running iteration: 700
	Running iteration: 701
	Running iteration: 702
	Running iteration: 703
	Running iteration: 704
	Running iteration: 705
	Running iteration: 706
	Running iteration: 707
	Running iteration: 708
	Running iteration: 709
	Running iteration: 710
	Running iteration: 711
	Running iteration: 712
	Running iteration: 713
	Running iteration: 714
	Running iteration: 715
	Running iteration: 716
	Running iteration: 717
	Running iteration: 718
	Running iteration: 719
	Running iteration: 720
	Running iteration: 721
	Running iteration: 722
	Running iteration: 723
	Running iteration: 724
	Running iteration: 725
	Running iteration: 726
	Running iteration: 727
	Running iteration: 728
	Running iteration: 729
	Running iteration: 730
	Running iteration: 731
	Running iteration: 732
	Running iteration: 733
	Running iteration: 734
	Running iteration: 735
	Running iteration: 736
	Running iteration: 737
	Running iteration: 738
	Running iteration: 739
	Running iteration: 740
	Running iteration: 741
	Running iteration: 742
	Running iteration: 743
	Running iteration: 744
	Running iteration: 745
	Running iteration: 746
	Running iteration: 747
	Running iteration: 748
	Running iteration: 749
	Running iteration: 750
	Running iteration: 751
	Running iteration: 752
	Running iteration: 753
	Running iteration: 754
	Running iteration: 755
	Running iteration: 756
	Running iteration: 757
	Running iteration: 758
	Running iteration: 759
	Running iteration: 760
	Running iteration: 761
	Running iteration: 762
	Running iteration: 763
	Running iteration: 764
	Running iteration: 765
	Running iteration: 766
	Running iteration: 767
	Running iteration: 768
	Running iteration: 769
	Running iteration: 770
	Running iteration: 771
	Running iteration: 772
	Running iteration: 773
	Running iteration: 774
	Running iteration: 775
	Running iteration: 776
	Running iteration: 777
	Running iteration: 778
	Running iteration: 779
	Running iteration: 780
	Running iteration: 781
	Running iteration: 782
	Running iteration: 783
	Running iteration: 784
	Running iteration: 785
	Running iteration: 786
	Running iteration: 787
	Running iteration: 788
	Running iteration: 789
	Running iteration: 790
	Running iteration: 791
	Running iteration: 792
	Running iteration: 793
	Running iteration: 794
	Running iteration: 795
	Running iteration: 796
	Running iteration: 797
	Running iteration: 798
	Running iteration: 799
	Running iteration: 800
	Running iteration: 801
	Running iteration: 802
	Running iteration: 803
	Running iteration: 804
	Running iteration: 805
	Running iteration: 806
	Running iteration: 807
	Running iteration: 808
	Running iteration: 809
	Running iteration: 810
	Running iteration: 811
	Running iteration: 812
	Running iteration: 813
	Running iteration: 814
	Running iteration: 815
	Running iteration: 816
	Running iteration: 817
	Running iteration: 818
	Running iteration: 819
	Running iteration: 820
	Running iteration: 821
	Running iteration: 822
	Running iteration: 823
	Running iteration: 824
	Running iteration: 825
	Running iteration: 826
	Running iteration: 827
	Running iteration: 828
	Running iteration: 829
	Running iteration: 830
	Running iteration: 831
	Running iteration: 832
	Running iteration: 833
	Running iteration: 834
	Running iteration: 835
	Running iteration: 836
	Running iteration: 837
	Running iteration: 838
	Running iteration: 839
	Running iteration: 840
	Running iteration: 841
	Running iteration: 842
	Running iteration: 843
	Running iteration: 844
	Running iteration: 845
	Running iteration: 846
	Running iteration: 847
	Running iteration: 848
	Running iteration: 849
	Running iteration: 850
	Running iteration: 851
	Running iteration: 852
	Running iteration: 853
	Running iteration: 854
	Running iteration: 855
	Running iteration: 856
	Running iteration: 857
	Running iteration: 858
	Running iteration: 859
	Running iteration: 860
	Running iteration: 861
	Running iteration: 862
	Running iteration: 863
	Running iteration: 864
	Running iteration: 865
	Running iteration: 866
	Running iteration: 867
	Running iteration: 868
	Running iteration: 869
	Running iteration: 870
	Running iteration: 871
	Running iteration: 872
	Running iteration: 873
	Running iteration: 874
	Running iteration: 875
	Running iteration: 876
	Running iteration: 877
	Running iteration: 878
	Running iteration: 879
	Running iteration: 880
	Running iteration: 881
	Running iteration: 882
	Running iteration: 883
	Running iteration: 884
	Running iteration: 885
	Running iteration: 886
	Running iteration: 887
	Running iteration: 888
	Running iteration: 889
	Running iteration: 890
	Running iteration: 891
	Running iteration: 892
	Running iteration: 893
	Running iteration: 894
	Running iteration: 895
	Running iteration: 896
	Running iteration: 897
	Running iteration: 898
	Running iteration: 899
	Running iteration: 900
	Running iteration: 901
	Running iteration: 902
	Running iteration: 903
	Running iteration: 904
	Running iteration: 905
	Running iteration: 906
	Running iteration: 907
	Running iteration: 908
	Running iteration: 909
	Running iteration: 910
	Running iteration: 911
	Running iteration: 912
	Running iteration: 913
	Running iteration: 914
	Running iteration: 915
	Running iteration: 916
	Running iteration: 917
	Running iteration: 918
	Running iteration: 919
	Running iteration: 920
	Running iteration: 921
	Running iteration: 922
	Running iteration: 923
	Running iteration: 924
	Running iteration: 925
	Running iteration: 926
	Running iteration: 927
	Running iteration: 928
	Running iteration: 929
	Running iteration: 930
	Running iteration: 931
	Running iteration: 932
	Running iteration: 933
	Running iteration: 934
	Running iteration: 935
	Running iteration: 936
	Running iteration: 937
	Running iteration: 938
	Running iteration: 939
	Running iteration: 940
	Running iteration: 941
	Running iteration: 942
	Running iteration: 943
	Running iteration: 944
	Running iteration: 945
	Running iteration: 946
	Running iteration: 947
	Running iteration: 948
	Running iteration: 949
	Running iteration: 950
	Running iteration: 951
	Running iteration: 952
	Running iteration: 953
	Running iteration: 954
	Running iteration: 955
	Running iteration: 956
	Running iteration: 957
	Running iteration: 958
	Running iteration: 959
	Running iteration: 960
	Running iteration: 961
	Running iteration: 962
	Running iteration: 963
	Running iteration: 964
	Running iteration: 965
	Running iteration: 966
	Running iteration: 967
	Running iteration: 968
	Running iteration: 969
	Running iteration: 970
	Running iteration: 971
	Running iteration: 972
	Running iteration: 973
	Running iteration: 974
	Running iteration: 975
	Running iteration: 976
	Running iteration: 977
	Running iteration: 978
	Running iteration: 979
	Running iteration: 980
	Running iteration: 981
	Running iteration: 982
	Running iteration: 983
	Running iteration: 984
	Running iteration: 985
	Running iteration: 986
	Running iteration: 987
	Running iteration: 988
	Running iteration: 989
	Running iteration: 990
	Running iteration: 991
	Running iteration: 992
	Running iteration: 993
	Running iteration: 994
	Running iteration: 995
	Running iteration: 996
	Running iteration: 997
	Running iteration: 998
	Running iteration: 999
	Running iteration: 1000
	Running iteration: 1001
	Running iteration: 1002
	Running iteration: 1003
	Running iteration: 1004
	Running iteration: 1005
	Running iteration: 1006
	Running iteration: 1007
	Running iteration: 1008
	Running iteration: 1009
	Running iteration: 1010
	Running iteration: 1011
	Running iteration: 1012
	Running iteration: 1013
	Running iteration: 1014
	Running iteration: 1015
	Running iteration: 1016
	Running iteration: 1017
	Running iteration: 1018
	Running iteration: 1019
	Running iteration: 1020
	Running iteration: 1021
	Running iteration: 1022
	Running iteration: 1023
	Running iteration: 1024
	Running iteration: 1025
	Running iteration: 1026
	Running iteration: 1027
	Running iteration: 1028
	Running iteration: 1029
	Running iteration: 1030
	Running iteration: 1031
	Running iteration: 1032
	Running iteration: 1033
	Running iteration: 1034
	Running iteration: 1035
	Running iteration: 1036
	Running iteration: 1037
	Running iteration: 1038
	Running iteration: 1039
	Running iteration: 1040
	Running iteration: 1041
	Running iteration: 1042
	Running iteration: 1043
	Running iteration: 1044
	Running iteration: 1045
	Running iteration: 1046
	Running iteration: 1047
	Running iteration: 1048
	Running iteration: 1049
	Running iteration: 1050
	Running iteration: 1051
	Running iteration: 1052
	Running iteration: 1053
	Running iteration: 1054
	Running iteration: 1055
	Running iteration: 1056
	Running iteration: 1057
	Running iteration: 1058
	Running iteration: 1059
	Running iteration: 1060
	Running iteration: 1061
	Running iteration: 1062
	Running iteration: 1063
	Running iteration: 1064
	Running iteration: 1065
	Running iteration: 1066
	Running iteration: 1067
	Running iteration: 1068
	Running iteration: 1069
	Running iteration: 1070
	Running iteration: 1071
	Running iteration: 1072
	Running iteration: 1073
	Running iteration: 1074
	Running iteration: 1075
	Running iteration: 1076
	Running iteration: 1077
	Running iteration: 1078
	Running iteration: 1079
	Running iteration: 1080
	Running iteration: 1081
	Running iteration: 1082
	Running iteration: 1083
	Running iteration: 1084
	Running iteration: 1085
	Running iteration: 1086
	Running iteration: 1087
	Running iteration: 1088
	Running iteration: 1089
	Running iteration: 1090
	Running iteration: 1091
	Running iteration: 1092
	Running iteration: 1093
	Running iteration: 1094
	Running iteration: 1095
	Running iteration: 1096
	Running iteration: 1097
	Running iteration: 1098
	Running iteration: 1099
	Running iteration: 1100
	Running iteration: 1101
	Running iteration: 1102
	Running iteration: 1103
	Running iteration: 1104
	Running iteration: 1105
	Running iteration: 1106
	Running iteration: 1107
	Running iteration: 1108
	Running iteration: 1109
	Running iteration: 1110
	Running iteration: 1111
	Running iteration: 1112
	Running iteration: 1113
	Running iteration: 1114
	Running iteration: 1115
	Running iteration: 1116
	Running iteration: 1117
	Running iteration: 1118
	Running iteration: 1119
	Running iteration: 1120
	Running iteration: 1121
	Running iteration: 1122
	Running iteration: 1123
	Running iteration: 1124
	Running iteration: 1125
	Running iteration: 1126
	Running iteration: 1127
	Running iteration: 1128
	Running iteration: 1129
	Running iteration: 1130
	Running iteration: 1131
	Running iteration: 1132
	Running iteration: 1133
	Running iteration: 1134
	Running iteration: 1135
	Running iteration: 1136
	Running iteration: 1137
	Running iteration: 1138
	Running iteration: 1139
	Running iteration: 1140
	Running iteration: 1141
	Running iteration: 1142
	Running iteration: 1143
	Running iteration: 1144
	Running iteration: 1145
	Running iteration: 1146
	Running iteration: 1147
	Running iteration: 1148
	Running iteration: 1149
	Running iteration: 1150
	Running iteration: 1151
	Running iteration: 1152
	Running iteration: 1153
	Running iteration: 1154
	Running iteration: 1155
	Running iteration: 1156
	Running iteration: 1157
	Running iteration: 1158
	Running iteration: 1159
	Running iteration: 1160
	Running iteration: 1161
	Running iteration: 1162
	Running iteration: 1163
	Running iteration: 1164
	Running iteration: 1165
	Running iteration: 1166
	Running iteration: 1167
	Running iteration: 1168
	Running iteration: 1169
	Running iteration: 1170
	Running iteration: 1171
	Running iteration: 1172
	Running iteration: 1173
	Running iteration: 1174
	Running iteration: 1175
	Running iteration: 1176
	Running iteration: 1177
	Running iteration: 1178
	Running iteration: 1179
	Running iteration: 1180
	Running iteration: 1181
	Running iteration: 1182
	Running iteration: 1183
	Running iteration: 1184
	Running iteration: 1185
	Running iteration: 1186
	Running iteration: 1187
	Running iteration: 1188
	Running iteration: 1189
	Running iteration: 1190
	Running iteration: 1191
	Running iteration: 1192
	Running iteration: 1193
	Running iteration: 1194
	Running iteration: 1195
	Running iteration: 1196
	Running iteration: 1197
	Running iteration: 1198
	Running iteration: 1199
	Running iteration: 1200
	Running iteration: 1201
	Running iteration: 1202
	Running iteration: 1203
	Running iteration: 1204
	Running iteration: 1205
	Running iteration: 1206
	Running iteration: 1207
	Running iteration: 1208
	Running iteration: 1209
	Running iteration: 1210
	Running iteration: 1211
	Running iteration: 1212
	Running iteration: 1213
	Running iteration: 1214
	Running iteration: 1215
	Running iteration: 1216
	Running iteration: 1217
	Running iteration: 1218
	Running iteration: 1219
	Running iteration: 1220
	Running iteration: 1221
	Running iteration: 1222
	Running iteration: 1223
	Running iteration: 1224
	Running iteration: 1225
	Running iteration: 1226
	Running iteration: 1227
	Running iteration: 1228
	Running iteration: 1229
	Running iteration: 1230
	Running iteration: 1231
	Running iteration: 1232
	Running iteration: 1233
	Running iteration: 1234
	Running iteration: 1235
	Running iteration: 1236
	Running iteration: 1237
	Running iteration: 1238
	Running iteration: 1239
	Running iteration: 1240
	Running iteration: 1241
	Running iteration: 1242
	Running iteration: 1243
	Running iteration: 1244
	Running iteration: 1245
	Running iteration: 1246
	Running iteration: 1247
	Running iteration: 1248
	Running iteration: 1249
	Running iteration: 1250
	Running iteration: 1251
	Running iteration: 1252
	Running iteration: 1253
	Running iteration: 1254
	Running iteration: 1255
	Running iteration: 1256
	Running iteration: 1257
	Running iteration: 1258
	Running iteration: 1259
	Running iteration: 1260
	Running iteration: 1261
	Running iteration: 1262
	Running iteration: 1263
	Running iteration: 1264
	Running iteration: 1265
	Running iteration: 1266
	Running iteration: 1267
	Running iteration: 1268
	Running iteration: 1269
	Running iteration: 1270
	Running iteration: 1271
	Running iteration: 1272
	Running iteration: 1273
	Running iteration: 1274
	Running iteration: 1275
	Running iteration: 1276
	Running iteration: 1277
	Running iteration: 1278
	Running iteration: 1279
	Running iteration: 1280
	Running iteration: 1281
	Running iteration: 1282
	Running iteration: 1283
	Running iteration: 1284
	Running iteration: 1285
	Running iteration: 1286
	Running iteration: 1287
	Running iteration: 1288
	Running iteration: 1289
	Running iteration: 1290
	Running iteration: 1291
	Running iteration: 1292
	Running iteration: 1293
	Running iteration: 1294
	Running iteration: 1295
	Running iteration: 1296
	Running iteration: 1297
	Running iteration: 1298
	Running iteration: 1299
	Running iteration: 1300
	Running iteration: 1301
	Running iteration: 1302
	Running iteration: 1303
	Running iteration: 1304
	Running iteration: 1305
	Running iteration: 1306
	Running iteration: 1307
	Running iteration: 1308
	Running iteration: 1309
	Running iteration: 1310
	Running iteration: 1311
	Running iteration: 1312
	Running iteration: 1313
	Running iteration: 1314
	Running iteration: 1315
	Running iteration: 1316
	Running iteration: 1317
	Running iteration: 1318
	Running iteration: 1319
	Running iteration: 1320
	Running iteration: 1321
	Running iteration: 1322
	Running iteration: 1323
	Running iteration: 1324
	Running iteration: 1325
	Running iteration: 1326
	Running iteration: 1327
	Running iteration: 1328
	Running iteration: 1329
	Running iteration: 1330
	Running iteration: 1331
	Running iteration: 1332
	Running iteration: 1333
	Running iteration: 1334
	Running iteration: 1335
	Running iteration: 1336
	Running iteration: 1337
	Running iteration: 1338
	Running iteration: 1339
	Running iteration: 1340
	Running iteration: 1341
	Running iteration: 1342
	Running iteration: 1343
	Running iteration: 1344
	Running iteration: 1345
	Running iteration: 1346
	Running iteration: 1347
	Running iteration: 1348
	Running iteration: 1349
	Running iteration: 1350
	Running iteration: 1351
	Running iteration: 1352
	Running iteration: 1353
	Running iteration: 1354
	Running iteration: 1355
	Running iteration: 1356
	Running iteration: 1357
	Running iteration: 1358
	Running iteration: 1359
	Running iteration: 1360
	Running iteration: 1361
	Running iteration: 1362
	Running iteration: 1363
	Running iteration: 1364
	Running iteration: 1365
	Running iteration: 1366
	Running iteration: 1367
	Running iteration: 1368
	Running iteration: 1369
	Running iteration: 1370
	Running iteration: 1371
	Running iteration: 1372
	Running iteration: 1373
	Running iteration: 1374
	Running iteration: 1375
	Running iteration: 1376
	Running iteration: 1377
	Running iteration: 1378
	Running iteration: 1379
	Running iteration: 1380
	Running iteration: 1381
	Running iteration: 1382
	Running iteration: 1383
	Running iteration: 1384
	Running iteration: 1385
	Running iteration: 1386
	Running iteration: 1387
	Running iteration: 1388
	Running iteration: 1389
	Running iteration: 1390
	Running iteration: 1391
	Running iteration: 1392
	Running iteration: 1393
	Running iteration: 1394
	Running iteration: 1395
	Running iteration: 1396
	Running iteration: 1397
	Running iteration: 1398
	Running iteration: 1399
	Running iteration: 1400
	Running iteration: 1401
	Running iteration: 1402
	Running iteration: 1403
	Running iteration: 1404
	Running iteration: 1405
	Running iteration: 1406
	Running iteration: 1407
	Running iteration: 1408
	Running iteration: 1409
	Running iteration: 1410
	Running iteration: 1411
	Running iteration: 1412
	Running iteration: 1413
	Running iteration: 1414
	Running iteration: 1415
	Running iteration: 1416
	Running iteration: 1417
	Running iteration: 1418
	Running iteration: 1419
	Running iteration: 1420
	Running iteration: 1421
	Running iteration: 1422
	Running iteration: 1423
	Running iteration: 1424
	Running iteration: 1425
	Running iteration: 1426
	Running iteration: 1427
	Running iteration: 1428
	Running iteration: 1429
	Running iteration: 1430
	Running iteration: 1431
	Running iteration: 1432
	Running iteration: 1433
	Running iteration: 1434
	Running iteration: 1435
	Running iteration: 1436
	Running iteration: 1437
	Running iteration: 1438
	Running iteration: 1439
	Running iteration: 1440
	Running iteration: 1441
	Running iteration: 1442
	Running iteration: 1443
	Running iteration: 1444
	Running iteration: 1445
	Running iteration: 1446
	Running iteration: 1447
	Running iteration: 1448
	Running iteration: 1449
	Running iteration: 1450
	Running iteration: 1451
	Running iteration: 1452
	Running iteration: 1453
	Running iteration: 1454
	Running iteration: 1455
	Running iteration: 1456
	Running iteration: 1457
	Running iteration: 1458
	Running iteration: 1459
	Running iteration: 1460
	Running iteration: 1461
	Running iteration: 1462
	Running iteration: 1463
	Running iteration: 1464
	Running iteration: 1465
	Running iteration: 1466
	Running iteration: 1467
	Running iteration: 1468
	Running iteration: 1469
	Running iteration: 1470
	Running iteration: 1471
	Running iteration: 1472
	Running iteration: 1473
	Running iteration: 1474
	Running iteration: 1475
	Running iteration: 1476
	Running iteration: 1477
	Running iteration: 1478
	Running iteration: 1479
	Running iteration: 1480
	Running iteration: 1481
	Running iteration: 1482
	Running iteration: 1483
	Running iteration: 1484
	Running iteration: 1485
	Running iteration: 1486
	Running iteration: 1487
	Running iteration: 1488
	Running iteration: 1489
	Running iteration: 1490
	Running iteration: 1491
	Running iteration: 1492
	Running iteration: 1493
	Running iteration: 1494
	Running iteration: 1495
	Running iteration: 1496
	Running iteration: 1497
	Running iteration: 1498
	Running iteration: 1499
	Running iteration: 1500
	Running iteration: 1501
	Running iteration: 1502
	Running iteration: 1503
	Running iteration: 1504
	Running iteration: 1505
	Running iteration: 1506
	Running iteration: 1507
	Running iteration: 1508
	Running iteration: 1509
	Running iteration: 1510
	Running iteration: 1511
	Running iteration: 1512
	Running iteration: 1513
	Running iteration: 1514
	Running iteration: 1515
	Running iteration: 1516
	Running iteration: 1517
	Running iteration: 1518
	Running iteration: 1519
	Running iteration: 1520
	Running iteration: 1521
	Running iteration: 1522
	Running iteration: 1523
	Running iteration: 1524
	Running iteration: 1525
	Running iteration: 1526
	Running iteration: 1527
	Running iteration: 1528
	Running iteration: 1529
	Running iteration: 1530
	Running iteration: 1531
	Running iteration: 1532
	Running iteration: 1533
	Running iteration: 1534
	Running iteration: 1535
	Running iteration: 1536
	Running iteration: 1537
	Running iteration: 1538
	Running iteration: 1539
	Running iteration: 1540
	Running iteration: 1541
	Running iteration: 1542
	Running iteration: 1543
	Running iteration: 1544
	Running iteration: 1545
	Running iteration: 1546
	Running iteration: 1547
	Running iteration: 1548
	Running iteration: 1549
	Running iteration: 1550
	Running iteration: 1551
	Running iteration: 1552
	Running iteration: 1553
	Running iteration: 1554
	Running iteration: 1555
	Running iteration: 1556
	Running iteration: 1557
	Running iteration: 1558
	Running iteration: 1559
	Running iteration: 1560
	Running iteration: 1561
	Running iteration: 1562
	Running iteration: 1563
	Running iteration: 1564
	Running iteration: 1565
	Running iteration: 1566
	Running iteration: 1567
	Running iteration: 1568
	Running iteration: 1569
	Running iteration: 1570
	Running iteration: 1571
	Running iteration: 1572
	Running iteration: 1573
	Running iteration: 1574
	Running iteration: 1575
	Running iteration: 1576
	Running iteration: 1577
	Running iteration: 1578
	Running iteration: 1579
	Running iteration: 1580
	Running iteration: 1581
	Running iteration: 1582
	Running iteration: 1583
	Running iteration: 1584
	Running iteration: 1585
	Running iteration: 1586
	Running iteration: 1587
	Running iteration: 1588
	Running iteration: 1589
	Running iteration: 1590
	Running iteration: 1591
	Running iteration: 1592
	Running iteration: 1593
	Running iteration: 1594
	Running iteration: 1595
	Running iteration: 1596
	Running iteration: 1597
	Running iteration: 1598
	Running iteration: 1599
	Running iteration: 1600
	Running iteration: 1601
	Running iteration: 1602
	Running iteration: 1603
	Running iteration: 1604
	Running iteration: 1605
	Running iteration: 1606
	Running iteration: 1607
	Running iteration: 1608
	Running iteration: 1609
	Running iteration: 1610
	Running iteration: 1611
	Running iteration: 1612
	Running iteration: 1613
	Running iteration: 1614
	Running iteration: 1615
	Running iteration: 1616
	Running iteration: 1617
	Running iteration: 1618
	Running iteration: 1619
	Running iteration: 1620
	Running iteration: 1621
	Running iteration: 1622
	Running iteration: 1623
	Running iteration: 1624
	Running iteration: 1625
	Running iteration: 1626
	Running iteration: 1627
	Running iteration: 1628
	Running iteration: 1629
	Running iteration: 1630
	Running iteration: 1631
	Running iteration: 1632
	Running iteration: 1633
	Running iteration: 1634
	Running iteration: 1635
	Running iteration: 1636
	Running iteration: 1637
	Running iteration: 1638
	Running iteration: 1639
	Running iteration: 1640
	Running iteration: 1641
	Running iteration: 1642
	Running iteration: 1643
	Running iteration: 1644
	Running iteration: 1645
	Running iteration: 1646
	Running iteration: 1647
	Running iteration: 1648
	Running iteration: 1649
	Running iteration: 1650
	Running iteration: 1651
	Running iteration: 1652
	Running iteration: 1653
	Running iteration: 1654
	Running iteration: 1655
	Running iteration: 1656
	Running iteration: 1657
	Running iteration: 1658
	Running iteration: 1659
	Running iteration: 1660
	Running iteration: 1661
	Running iteration: 1662
	Running iteration: 1663
	Running iteration: 1664
	Running iteration: 1665
	Running iteration: 1666
	Running iteration: 1667
	Running iteration: 1668
	Running iteration: 1669
	Running iteration: 1670
	Running iteration: 1671
	Running iteration: 1672
	Running iteration: 1673
	Running iteration: 1674
	Running iteration: 1675
	Running iteration: 1676
	Running iteration: 1677
	Running iteration: 1678
	Running iteration: 1679
	Running iteration: 1680
	Running iteration: 1681
	Running iteration: 1682
	Running iteration: 1683
	Running iteration: 1684
	Running iteration: 1685
	Running iteration: 1686
	Running iteration: 1687
	Running iteration: 1688
	Running iteration: 1689
	Running iteration: 1690
	Running iteration: 1691
	Running iteration: 1692
	Running iteration: 1693
	Running iteration: 1694
	Running iteration: 1695
	Running iteration: 1696
	Running iteration: 1697
	Running iteration: 1698
	Running iteration: 1699
	Running iteration: 1700
	Running iteration: 1701
	Running iteration: 1702
	Running iteration: 1703
	Running iteration: 1704
	Running iteration: 1705
	Running iteration: 1706
	Running iteration: 1707
	Running iteration: 1708
	Running iteration: 1709
	Running iteration: 1710
	Running iteration: 1711
	Running iteration: 1712
	Running iteration: 1713
	Running iteration: 1714
	Running iteration: 1715
	Running iteration: 1716
	Running iteration: 1717
	Running iteration: 1718
	Running iteration: 1719
	Running iteration: 1720
	Running iteration: 1721
	Running iteration: 1722
	Running iteration: 1723
	Running iteration: 1724
	Running iteration: 1725
	Running iteration: 1726
	Running iteration: 1727
	Running iteration: 1728
	Running iteration: 1729
	Running iteration: 1730
	Running iteration: 1731
	Running iteration: 1732
	Running iteration: 1733
	Running iteration: 1734
	Running iteration: 1735
	Running iteration: 1736
	Running iteration: 1737
	Running iteration: 1738
	Running iteration: 1739
	Running iteration: 1740
	Running iteration: 1741
	Running iteration: 1742
	Running iteration: 1743
	Running iteration: 1744
	Running iteration: 1745
	Running iteration: 1746
	Running iteration: 1747
	Running iteration: 1748
	Running iteration: 1749
	Running iteration: 1750
	Running iteration: 1751
	Running iteration: 1752
	Running iteration: 1753
	Running iteration: 1754
	Running iteration: 1755
	Running iteration: 1756
	Running iteration: 1757
	Running iteration: 1758
	Running iteration: 1759
	Running iteration: 1760
	Running iteration: 1761
	Running iteration: 1762
	Running iteration: 1763
	Running iteration: 1764
	Running iteration: 1765
	Running iteration: 1766
	Running iteration: 1767
	Running iteration: 1768
	Running iteration: 1769
	Running iteration: 1770
	Running iteration: 1771
	Running iteration: 1772
	Running iteration: 1773
	Running iteration: 1774
	Running iteration: 1775
	Running iteration: 1776
	Running iteration: 1777
	Running iteration: 1778
	Running iteration: 1779
	Running iteration: 1780
	Running iteration: 1781
	Running iteration: 1782
	Running iteration: 1783
	Running iteration: 1784
	Running iteration: 1785
	Running iteration: 1786
	Running iteration: 1787
	Running iteration: 1788
	Running iteration: 1789
	Running iteration: 1790
	Running iteration: 1791
	Running iteration: 1792
	Running iteration: 1793
	Running iteration: 1794
	Running iteration: 1795
	Running iteration: 1796
	Running iteration: 1797
	Running iteration: 1798
	Running iteration: 1799
	Running iteration: 1800
	Running iteration: 1801
	Running iteration: 1802
	Running iteration: 1803
	Running iteration: 1804
	Running iteration: 1805
	Running iteration: 1806
	Running iteration: 1807
	Running iteration: 1808
	Running iteration: 1809
	Running iteration: 1810
	Running iteration: 1811
	Running iteration: 1812
	Running iteration: 1813
	Running iteration: 1814
	Running iteration: 1815
	Running iteration: 1816
	Running iteration: 1817
	Running iteration: 1818
	Running iteration: 1819
	Running iteration: 1820
	Running iteration: 1821
	Running iteration: 1822
	Running iteration: 1823
	Running iteration: 1824
	Running iteration: 1825
	Running iteration: 1826
	Running iteration: 1827
	Running iteration: 1828
	Running iteration: 1829
	Running iteration: 1830
	Running iteration: 1831
	Running iteration: 1832
	Running iteration: 1833
	Running iteration: 1834
	Running iteration: 1835
	Running iteration: 1836
	Running iteration: 1837
	Running iteration: 1838
	Running iteration: 1839
	Running iteration: 1840
	Running iteration: 1841
	Running iteration: 1842
	Running iteration: 1843
	Running iteration: 1844
	Running iteration: 1845
	Running iteration: 1846
	Running iteration: 1847
	Running iteration: 1848
	Running iteration: 1849
	Running iteration: 1850
	Running iteration: 1851
	Running iteration: 1852
	Running iteration: 1853
	Running iteration: 1854
	Running iteration: 1855
	Running iteration: 1856
	Running iteration: 1857
	Running iteration: 1858
	Running iteration: 1859
	Running iteration: 1860
	Running iteration: 1861
	Running iteration: 1862
	Running iteration: 1863
	Running iteration: 1864
	Running iteration: 1865
	Running iteration: 1866
	Running iteration: 1867
	Running iteration: 1868
	Running iteration: 1869
	Running iteration: 1870
	Running iteration: 1871
	Running iteration: 1872
	Running iteration: 1873
	Running iteration: 1874
	Running iteration: 1875
	Running iteration: 1876
	Running iteration: 1877
	Running iteration: 1878
	Running iteration: 1879
	Running iteration: 1880
	Running iteration: 1881
	Running iteration: 1882
	Running iteration: 1883
	Running iteration: 1884
	Running iteration: 1885
	Running iteration: 1886
	Running iteration: 1887
	Running iteration: 1888
	Running iteration: 1889
	Running iteration: 1890
	Running iteration: 1891
	Running iteration: 1892
	Running iteration: 1893
	Running iteration: 1894
	Running iteration: 1895
	Running iteration: 1896
	Running iteration: 1897
	Running iteration: 1898
	Running iteration: 1899
	Running iteration: 1900
	Running iteration: 1901
	Running iteration: 1902
	Running iteration: 1903
	Running iteration: 1904
	Running iteration: 1905
	Running iteration: 1906
	Running iteration: 1907
	Running iteration: 1908
	Running iteration: 1909
	Running iteration: 1910
	Running iteration: 1911
	Running iteration: 1912
	Running iteration: 1913
	Running iteration: 1914
	Running iteration: 1915
	Running iteration: 1916
	Running iteration: 1917
	Running iteration: 1918
	Running iteration: 1919
	Running iteration: 1920
	Running iteration: 1921
	Running iteration: 1922
	Running iteration: 1923
	Running iteration: 1924
	Running iteration: 1925
	Running iteration: 1926
	Running iteration: 1927
	Running iteration: 1928
	Running iteration: 1929
	Running iteration: 1930
	Running iteration: 1931
	Running iteration: 1932
	Running iteration: 1933
	Running iteration: 1934
	Running iteration: 1935
	Running iteration: 1936
	Running iteration: 1937
	Running iteration: 1938
	Running iteration: 1939
	Running iteration: 1940
	Running iteration: 1941
	Running iteration: 1942
	Running iteration: 1943
	Running iteration: 1944
	Running iteration: 1945
	Running iteration: 1946
	Running iteration: 1947
	Running iteration: 1948
	Running iteration: 1949
	Running iteration: 1950
	Running iteration: 1951
	Running iteration: 1952
	Running iteration: 1953
	Running iteration: 1954
	Running iteration: 1955
	Running iteration: 1956
	Running iteration: 1957
	Running iteration: 1958
	Running iteration: 1959
	Running iteration: 1960
	Running iteration: 1961
	Running iteration: 1962
	Running iteration: 1963
	Running iteration: 1964
	Running iteration: 1965
	Running iteration: 1966
	Running iteration: 1967
	Running iteration: 1968
	Running iteration: 1969
	Running iteration: 1970
	Running iteration: 1971
	Running iteration: 1972
	Running iteration: 1973
	Running iteration: 1974
	Running iteration: 1975
	Running iteration: 1976
	Running iteration: 1977
	Running iteration: 1978
	Running iteration: 1979
	Running iteration: 1980
	Running iteration: 1981
	Running iteration: 1982
	Running iteration: 1983
	Running iteration: 1984
	Running iteration: 1985
	Running iteration: 1986
	Running iteration: 1987
	Running iteration: 1988
	Running iteration: 1989
	Running iteration: 1990
	Running iteration: 1991
	Running iteration: 1992
	Running iteration: 1993
	Running iteration: 1994
	Running iteration: 1995
	Running iteration: 1996
	Running iteration: 1997
	Running iteration: 1998
	Running iteration: 1999
	Running iteration: 2000
	Running iteration: 2001
	Running iteration: 2002
	Running iteration: 2003
	Running iteration: 2004
	Running iteration: 2005
	Running iteration: 2006
	Running iteration: 2007
	Running iteration: 2008
	Running iteration: 2009
	Runningrun_fastspar.sh: line 29:  3566 Segmentation fault      (core dumped) fastspar -c ${base}/$anot -r ${base}/cor.tsv -a ${base}/cov.tsv -t $nthreads -s $seed -i $iter -x $xter -e $corThr -y
